#
# A fatal error has been detected by the Java Runtime Environment:
#
#  EXCEPTION_ACCESS_VIOLATION (0xc0000005) at pc=0x0000000065bb186a, pid=5532, tid=528
#
# JRE version: 6.0_17-b04
# Java VM: Java HotSpot(TM) 64-Bit Server VM (14.3-b01 mixed mode windows-amd64 )
# Problematic frame:
# C  0x0000000065bb186a
#
# If you would like to submit a bug report, please visit:
#   http://java.sun.com/webapps/bugreport/crash.jsp
# The crash happened outside the Java Virtual Machine in native code.
# See problematic frame for where to report the bug.
#

---------------  T H R E A D  ---------------

Current thread (0x00000001087cb000):  JavaThread "Main message loop" daemon [_thread_in_native, id=528, stack(0x0000000218010000,0x000000021c010000)]

siginfo: ExceptionCode=0xc0000005, reading address 0x0000000000000000

Registers:
EAX=0x0000000065cdea08, EBX=0x0000000063bfc9e8, ECX=0x0000000000000000, EDX=0x0000000065c67f00
ESP=0x000000021bffe6e0, EBP=0x0000000080040104, ESI=0x000000021c0064e8, EDI=0x0000000065c67f38
EIP=0x0000000065bb186a, EFLAGS=0x0000000000010297

Top of Stack: (sp=0x000000021bffe6e0)
0x000000021bffe6e0:   0000000063bfc9e8 0000000080040104
0x000000021bffe6f0:   0000000063bfc9e8 0000000065c67f38
0x000000021bffe700:   0000000000000030 000000007dcc74e8
0x000000021bffe710:   00000000250f4084 000000000000000e
0x000000021bffe720:   000000021bffe520 000000021bffe7a8
0x000000021bffe730:   000000021bffe810 00000000250f4084
0x000000021bffe740:   00000001087cb000 0000000078a6e85c
0x000000021bffe750:   00000000ebdf2140 000000003a8c91e0
0x000000021bffe760:   00000000ebdf2140 0000000000000008
0x000000021bffe770:   000000003a8c91e0 00000000249d53ec
0x000000021bffe780:   00000001087cb1b8 0000000065bb36c2
0x000000021bffe790:   00000000616d6e68 00000000ebdf2140
0x000000021bffe7a0:   0000000200000008 00000001087cb000
0x000000021bffe7b0:   00000000275eea90 0000000025129ba2
0x000000021bffe7c0:   000000003a8c70d8 0000000024d3eac8
0x000000021bffe7d0:   000000003a8c9130 0000000000000000 

Instructions: (pc=0x0000000065bb186a)
0x0000000065bb185a:   83 c0 08 83 38 02 7f 0d 48 8b 8c 24 90 7d 00 00
0x0000000065bb186a:   48 8b 01 eb 66 83 38 03 75 0e 48 8b 8c 24 90 7d 


Stack: [0x0000000218010000,0x000000021c010000],  sp=0x000000021bffe6e0,  free space=65465k
Native frames: (J=compiled Java code, j=interpreted, Vv=VM code, C=native code)
C  0x0000000065bb186a

Java frames: (J=compiled Java code, j=interpreted, Vv=VM code)
J  com.jniwrapper.Function.invokeCFunc(JJB[BII[II)I
J  com.jniwrapper.FunctionCall.a(ZJJJIBLcom/jniwrapper/Parameter;[Lcom/jniwrapper/Parameter;)J
J  com.jniwrapper.win32.MessageLoopThread$LoopThread.run()V
v  ~StubRoutines::call_stub

---------------  P R O C E S S  ---------------

Java Threads: ( => current thread )
  0x000000006ecca800 JavaThread "Browser Events Thread" daemon [_thread_blocked, id=3684, stack(0x0000000230010000,0x0000000234010000)]
=>0x00000001087cb000 JavaThread "Main message loop" daemon [_thread_in_native, id=528, stack(0x0000000218010000,0x000000021c010000)]
  0x00000001087cc800 JavaThread "Code Analyzer updating thread" [_thread_blocked, id=3824, stack(0x00000001a8010000,0x00000001ac010000)]
  0x00000001087ca800 JavaThread "Browser Events Thread" daemon [_thread_blocked, id=5728, stack(0x0000000210010000,0x0000000214010000)]
  0x00000001087c9800 JavaThread "Main message loop" daemon [_thread_in_native, id=3264, stack(0x00000001c0010000,0x00000001c4010000)]
  0x00000001087cb800 JavaThread "Browser Events Thread" daemon [_thread_blocked, id=4408, stack(0x0000000200010000,0x0000000204010000)]
  0x00000001087c6800 JavaThread "Main message loop" daemon [_thread_in_native, id=3488, stack(0x00000001c4010000,0x00000001c8010000)]
  0x00000001087c6000 JavaThread "Browser Events Thread" daemon [_thread_blocked, id=5620, stack(0x00000001d8010000,0x00000001dc010000)]
  0x00000001087c9000 JavaThread "Main message loop" daemon [_thread_in_native, id=1740, stack(0x00000001b8010000,0x00000001bc010000)]
  0x00000001087c7800 JavaThread "Code Analyzer updating thread" [_thread_blocked, id=6308, stack(0x00000001ac010000,0x00000001b0010000)]
  0x000000006eccb800 JavaThread "Code Analyzer updating thread" [_thread_blocked, id=5580, stack(0x0000000140030000,0x0000000144030000)]
  0x000000006eabf800 JavaThread "Code Analyzer updating thread" [_thread_blocked, id=296, stack(0x000000019cfd0000,0x00000001a0fd0000)]
  0x000000006ecce800 JavaThread "Code Analyzer updating thread" [_thread_blocked, id=5044, stack(0x00000000fc000000,0x0000000100000000)]
  0x0000000061644000 JavaThread "Foxtrot Single Worker Thread #1" daemon [_thread_blocked, id=6944, stack(0x000000014c030000,0x0000000150030000)]
  0x000000006164b000 JavaThread "Code Analyzer updating thread" [_thread_blocked, id=4248, stack(0x0000000150030000,0x0000000154030000)]
  0x0000000061647000 JavaThread "Code Analyzer updating thread" [_thread_blocked, id=5884, stack(0x00000000d3f90000,0x00000000d7f90000)]
  0x000000006eccd000 JavaThread "RecordlistTable Timer" daemon [_thread_blocked, id=292, stack(0x0000000134fd0000,0x0000000138fd0000)]
  0x000000006ecd1000 JavaThread "Timer queue for AWT thread" daemon [_thread_blocked, id=3712, stack(0x000000013c000000,0x0000000140000000)]
  0x000000006164d800 JavaThread "pool-7-thread-1" [_thread_blocked, id=6372, stack(0x000000011a300000,0x000000011e300000)]
  0x0000000061643000 JavaThread "Prefs Updater" daemon [_thread_blocked, id=7152, stack(0x00000000c5750000,0x00000000c9750000)]
  0x000000006eccb000 JavaThread "Timer-2" daemon [_thread_blocked, id=4776, stack(0x0000000114000000,0x0000000118000000)]
  0x000000006164e000 JavaThread "com.jniwrapper.NativeResourceCollector" daemon [_thread_blocked, id=3560, stack(0x000000010c000000,0x0000000110000000)]
  0x000000006eccc800 JavaThread "Swing-Shell" daemon [_thread_blocked, id=6604, stack(0x0000000120000000,0x0000000124000000)]
  0x0000000061649800 JavaThread "Active Reference Queue Daemon" daemon [_thread_blocked, id=7004, stack(0x00000000f8000000,0x00000000fc000000)]
  0x0000000061649000 JavaThread "Timer-1" daemon [_thread_blocked, id=5628, stack(0x00000000f4000000,0x00000000f8000000)]
  0x0000000061648000 JavaThread "ClipboardMonitor Timer" daemon [_thread_blocked, id=6856, stack(0x00000000f0000000,0x00000000f4000000)]
  0x0000000061647800 JavaThread "Explorer NavigationContext request queue" daemon [_thread_blocked, id=5760, stack(0x00000000ec000000,0x00000000f0000000)]
  0x0000000061646000 JavaThread "AddressBar directory emptiness poller" daemon [_thread_blocked, id=4828, stack(0x00000000e4000000,0x00000000e8000000)]
  0x0000000061645800 JavaThread "Explorer Refresh Service 1514883920" daemon [_thread_blocked, id=5732, stack(0x00000000e0000000,0x00000000e4000000)]
  0x0000000061644800 JavaThread "Thread-4" daemon [_thread_blocked, id=4836, stack(0x00000000d8000000,0x00000000dc000000)]
  0x0000000061641800 JavaThread "TimerQueue" daemon [_thread_blocked, id=5964, stack(0x00000000c0000000,0x00000000c4000000)]
  0x0000000061641000 JavaThread "Thread-3" daemon [_thread_blocked, id=5520, stack(0x00000000b0000000,0x00000000b4000000)]
  0x0000000061640800 JavaThread "AWT-EventQueue-0" [_thread_blocked, id=2116, stack(0x00000000ac000000,0x00000000b0000000)]
  0x000000006163f800 JavaThread "AWT-Shutdown" [_thread_blocked, id=3044, stack(0x000000009c000000,0x00000000a0000000)]
  0x000000006163f000 JavaThread "FelixPackageAdmin" daemon [_thread_blocked, id=6328, stack(0x00000000bc000000,0x00000000c0000000)]
  0x0000000061654800 JavaThread "FelixStartLevel" daemon [_thread_blocked, id=5508, stack(0x00000000b8000000,0x00000000bc000000)]
  0x0000000061654000 JavaThread "FelixDispatchQueue" daemon [_thread_blocked, id=6980, stack(0x00000000b4000000,0x00000000b8000000)]
  0x00000000610c5000 JavaThread "com.google.common.base.internal.Finalizer" daemon [_thread_blocked, id=4568, stack(0x00000000a8000000,0x00000000ac000000)]
  0x000000006109f000 JavaThread "AWT-Windows" daemon [_thread_in_native, id=5524, stack(0x00000000a0000000,0x00000000a4000000)]
  0x000000006109d800 JavaThread "Java2D Disposer" daemon [_thread_blocked, id=6460, stack(0x0000000098000000,0x000000009c000000)]
  0x0000000060c2a800 JavaThread "Timer-0" [_thread_blocked, id=6508, stack(0x0000000094000000,0x0000000098000000)]
  0x0000000060af9800 JavaThread "EventMgr Dispatcher" daemon [_thread_in_native, id=6340, stack(0x0000000090000000,0x0000000094000000)]
  0x0000000053abd000 JavaThread "Low Memory Detector" daemon [_thread_blocked, id=4648, stack(0x0000000088000000,0x000000008c000000)]
  0x0000000053ab6800 JavaThread "CompilerThread1" daemon [_thread_blocked, id=6820, stack(0x0000000084000000,0x0000000088000000)]
  0x0000000053aac800 JavaThread "CompilerThread0" daemon [_thread_blocked, id=6964, stack(0x0000000080000000,0x0000000084000000)]
  0x0000000053aa6800 JavaThread "Attach Listener" daemon [_thread_blocked, id=6644, stack(0x0000000066790000,0x000000006a790000)]
  0x0000000053a49000 JavaThread "Finalizer" daemon [_thread_blocked, id=5164, stack(0x000000005bb30000,0x000000005fb30000)]
  0x0000000053a48000 JavaThread "Reference Handler" daemon [_thread_blocked, id=5756, stack(0x0000000057b30000,0x000000005bb30000)]
  0x0000000006d36000 JavaThread "main" [_thread_in_native, id=5840, stack(0x0000000000030000,0x0000000004030000)]

Other Threads:
  0x0000000053a43800 VMThread [stack: 0x0000000053b30000,0x0000000057b30000] [id=5340]
  0x0000000053aee000 WatcherThread [stack: 0x000000008c000000,0x0000000090000000] [id=5740]

VM state:not at safepoint (normal execution)

VM Mutex/Monitor currently owned by a thread: None

Heap
 PSYoungGen      total 42048K, used 11703K [0x0000000038830000, 0x000000003b930000, 0x000000003b930000)
  eden space 35456K, 14% used [0x0000000038830000,0x0000000038d32a00,0x000000003aad0000)
  from space 6592K, 99% used [0x000000003aad0000,0x000000003b13b2a0,0x000000003b140000)
  to   space 8128K, 0% used [0x000000003b140000,0x000000003b140000,0x000000003b930000)
 PSOldGen        total 150528K, used 142702K [0x000000002f530000, 0x0000000038830000, 0x0000000038830000)
  object space 150528K, 94% used [0x000000002f530000,0x000000003808b9f8,0x0000000038830000)
 PSPermGen       total 100544K, used 94635K [0x0000000027530000, 0x000000002d760000, 0x000000002f530000)
  object space 100544K, 94% used [0x0000000027530000,0x000000002d19af38,0x000000002d760000)

Dynamic libraries:
0x0000000140000000 - 0x0000000140028000 	C:\Program Files\MATLAB\R2013a\bin\win64\MATLAB.exe
0x0000000077720000 - 0x00000000778c9000 	C:\Windows\SYSTEM32\ntdll.dll
0x0000000077500000 - 0x000000007761f000 	C:\Windows\system32\kernel32.dll
0x000007fefd5c0000 - 0x000007fefd62b000 	C:\Windows\system32\KERNELBASE.dll
0x0000000074460000 - 0x0000000074515000 	C:\Program Files\MATLAB\R2013a\bin\win64\libut.dll
0x00000000758a0000 - 0x000000007595f000 	C:\Program Files\MATLAB\R2013a\bin\win64\libmwi18n.dll
0x0000000180000000 - 0x000000018000d000 	C:\Program Files\MATLAB\R2013a\bin\win64\libmwresource_core.dll
0x000000006dc90000 - 0x000000006dd28000 	C:\Program Files\MATLAB\R2013a\bin\win64\MSVCP100.dll
0x000000006dbb0000 - 0x000000006dc82000 	C:\Program Files\MATLAB\R2013a\bin\win64\MSVCR100.dll
0x0000000075120000 - 0x000000007512e000 	C:\Program Files\MATLAB\R2013a\bin\win64\boost_date_time-vc100-mt-1_49.dll
0x0000000073d30000 - 0x0000000073d5c000 	C:\Program Files\MATLAB\R2013a\bin\win64\boost_filesystem-vc100-mt-1_49.dll
0x00000000742b0000 - 0x00000000742b9000 	C:\Program Files\MATLAB\R2013a\bin\win64\boost_system-vc100-mt-1_49.dll
0x000007fefe0a0000 - 0x000007fefe17b000 	C:\Windows\system32\ADVAPI32.dll
0x000007fefec00000 - 0x000007fefec9f000 	C:\Windows\system32\msvcrt.dll
0x000007fefe200000 - 0x000007fefe21f000 	C:\Windows\SYSTEM32\sechost.dll
0x000007fefead0000 - 0x000007fefebfd000 	C:\Windows\system32\RPCRT4.dll
0x0000000073d00000 - 0x0000000073d25000 	C:\Program Files\MATLAB\R2013a\bin\win64\LIBEXPAT.dll
0x000000006da20000 - 0x000000006dbaa000 	C:\Program Files\MATLAB\R2013a\bin\win64\icuin49.dll
0x000000006c670000 - 0x000000006c7ae000 	C:\Program Files\MATLAB\R2013a\bin\win64\icuuc49.dll
0x0000000061c50000 - 0x0000000062d72000 	C:\Program Files\MATLAB\R2013a\bin\win64\icudt49.dll
0x0000000074050000 - 0x0000000074060000 	C:\Program Files\MATLAB\R2013a\bin\win64\icuio49.dll
0x00000000042c0000 - 0x0000000004462000 	C:\Program Files\MATLAB\R2013a\bin\win64\libmwfl.dll
0x000000007a350000 - 0x000000007a737000 	C:\Program Files\MATLAB\R2013a\bin\win64\libmwMATLAB_res.dll
0x000000006d8a0000 - 0x000000006d97f000 	C:\Program Files\MATLAB\R2013a\bin\win64\boost_regex-vc100-mt-1_49.dll
0x0000000077620000 - 0x000000007771a000 	C:\Windows\system32\USER32.dll
0x000007fefea60000 - 0x000007fefeac7000 	C:\Windows\system32\GDI32.dll
0x000007fefea50000 - 0x000007fefea5e000 	C:\Windows\system32\LPK.dll
0x000007fefe220000 - 0x000007fefe2e9000 	C:\Windows\system32\USP10.dll
0x0000000073ce0000 - 0x0000000073cf1000 	C:\Program Files\MATLAB\R2013a\bin\win64\boost_signals-vc100-mt-1_49.dll
0x0000000072e90000 - 0x0000000072ea1000 	C:\Program Files\MATLAB\R2013a\bin\win64\boost_thread-vc100-mt-1_49.dll
0x000007fef9070000 - 0x000007fef90fc000 	C:\Program Files\MATLAB\R2013a\bin\win64\boost_log-vc100-mt-1_49.dll
0x00000000778f0000 - 0x00000000778f7000 	C:\Windows\system32\PSAPI.DLL
0x000007fefe620000 - 0x000007fefe66d000 	C:\Windows\system32\WS2_32.dll
0x000007fefe780000 - 0x000007fefe788000 	C:\Windows\system32\NSI.dll
0x000007fef9150000 - 0x000007fef9183000 	C:\Program Files\MATLAB\R2013a\bin\win64\tbb.dll
0x000007fefe3d0000 - 0x000007fefe3e9000 	C:\Windows\system32\imagehlp.dll
0x000007fefaf80000 - 0x000007fefafac000 	C:\Windows\system32\POWRPROF.dll
0x000007fefdb30000 - 0x000007fefdd07000 	C:\Windows\system32\SETUPAPI.dll
0x000007fefd690000 - 0x000007fefd6c6000 	C:\Windows\system32\CFGMGR32.dll
0x000007fefe2f0000 - 0x000007fefe3c7000 	C:\Windows\system32\OLEAUT32.dll
0x000007fefddf0000 - 0x000007fefdff3000 	C:\Windows\system32\ole32.dll
0x000007fefd670000 - 0x000007fefd68a000 	C:\Windows\system32\DEVOBJ.dll
0x0000000004100000 - 0x0000000004121000 	C:\Program Files\MATLAB\R2013a\bin\win64\libmwmfl_scalar.dll
0x000007fef42f0000 - 0x000007fef4415000 	C:\Windows\system32\dbghelp.dll
0x0000000004470000 - 0x000000000479f000 	C:\Program Files\MATLAB\R2013a\bin\win64\libmwservices.dll
0x0000000075a20000 - 0x0000000075b0b000 	C:\Program Files\MATLAB\R2013a\bin\win64\libmx.dll
0x000007fef91e0000 - 0x000007fef9208000 	C:\Program Files\MATLAB\R2013a\bin\win64\tbbmalloc.dll
0x000000006f7e0000 - 0x000000006f7f7000 	C:\Program Files\MATLAB\R2013a\bin\win64\zlib1.dll
0x0000000004130000 - 0x000000000417e000 	C:\Program Files\MATLAB\R2013a\bin\win64\libmwregexp.dll
0x0000000075f10000 - 0x0000000075f57000 	C:\Program Files\MATLAB\R2013a\bin\win64\mpath.dll
0x000000007b680000 - 0x000000007bc66000 	C:\Program Files\MATLAB\R2013a\bin\win64\mlutil.dll
0x00000000754d0000 - 0x0000000075547000 	C:\Program Files\MATLAB\R2013a\bin\win64\xmlcore.dll
0x0000000066540000 - 0x0000000066781000 	C:\Program Files\MATLAB\R2013a\bin\win64\xerces-c_2_7.dll
0x0000000004190000 - 0x00000000041b2000 	C:\Program Files\MATLAB\R2013a\bin\win64\libmwMATLAB_settings_res.dll
0x000007fef98f0000 - 0x000007fef9900000 	C:\Program Files\MATLAB\R2013a\bin\win64\boost_iostreams-vc100-mt-1_49.dll
0x000007fef9100000 - 0x000007fef9146000 	C:\Program Files\MATLAB\R2013a\bin\win64\boost_serialization-vc100-mt-1_49.dll
0x000007fefeca0000 - 0x000007feffa28000 	C:\Windows\system32\SHELL32.dll
0x000007fefe180000 - 0x000007fefe1f1000 	C:\Windows\system32\SHLWAPI.dll
0x00000000047a0000 - 0x00000000047a6000 	C:\Program Files\MATLAB\R2013a\bin\win64\libmwnativedisplay.dll
0x000007fef9a60000 - 0x000007fef9b00000 	C:\Windows\WinSxS\amd64_microsoft.windows.common-controls_6595b64144ccf1df_5.82.7601.17514_none_a4d6a923711520a9\COMCTL32.dll
0x000007fefe000000 - 0x000007fefe097000 	C:\Windows\system32\COMDLG32.dll
0x000007fefb5a0000 - 0x000007fefb5b6000 	C:\Windows\system32\NETAPI32.dll
0x000007fefb590000 - 0x000007fefb59c000 	C:\Windows\system32\netutils.dll
0x000007fefd070000 - 0x000007fefd093000 	C:\Windows\system32\srvcli.dll
0x000007fefb570000 - 0x000007fefb585000 	C:\Windows\system32\wkscli.dll
0x0000000074970000 - 0x0000000074a18000 	C:\Program Files\MATLAB\R2013a\bin\win64\mcr.dll
0x00000000047b0000 - 0x0000000004b61000 	C:\Program Files\MATLAB\R2013a\bin\win64\iqm.dll
0x0000000074e80000 - 0x0000000074f30000 	C:\Program Files\MATLAB\R2013a\bin\win64\m_dispatcher.dll
0x0000000004b70000 - 0x0000000005378000 	C:\Program Files\MATLAB\R2013a\bin\win64\m_interpreter.dll
0x0000000005380000 - 0x00000000053a4000 	C:\Program Files\MATLAB\R2013a\bin\win64\libmex.dll
0x0000000075430000 - 0x00000000754ab000 	C:\Program Files\MATLAB\R2013a\bin\win64\profiler.dll
0x00000000053b0000 - 0x0000000005633000 	C:\Program Files\MATLAB\R2013a\bin\win64\libmwmathutil.dll
0x0000000079f40000 - 0x0000000079f66000 	C:\Program Files\MATLAB\R2013a\bin\win64\libmwmathrng.dll
0x0000000005640000 - 0x0000000005650000 	C:\Program Files\MATLAB\R2013a\bin\win64\libmwmfl_rng.dll
0x0000000074c10000 - 0x0000000074cf8000 	C:\Program Files\MATLAB\R2013a\bin\win64\libmwmathcore.dll
0x0000000076160000 - 0x00000000761c3000 	C:\Program Files\MATLAB\R2013a\bin\win64\libmwspmatrix.dll
0x000000007b0a0000 - 0x000000007b2f6000 	C:\Program Files\MATLAB\R2013a\bin\win64\mcos.dll
0x0000000075ea0000 - 0x0000000075f02000 	C:\Program Files\MATLAB\R2013a\bin\win64\libmwcholmod.dll
0x0000000005660000 - 0x000000000566d000 	C:\Program Files\MATLAB\R2013a\bin\win64\libmwamd.dll
0x000000006fbc0000 - 0x000000006fc63000 	C:\Windows\WinSxS\amd64_microsoft.vc90.crt_1fc8b3b9a1e18e3b_9.0.30729.6161_none_08e61857a83bc251\MSVCR90.dll
0x0000000005680000 - 0x000000000568c000 	C:\Program Files\MATLAB\R2013a\bin\win64\libmwcolamd.dll
0x000000007a290000 - 0x000000007a2a3000 	C:\Program Files\MATLAB\R2013a\bin\win64\libmwblas.dll
0x000000007a310000 - 0x000000007a325000 	C:\Program Files\MATLAB\R2013a\bin\win64\libmwbinder.dll
0x00000000056a0000 - 0x00000000056ab000 	C:\Program Files\MATLAB\R2013a\bin\win64\libmwompwrapper.dll
0x0000000075820000 - 0x000000007589e000 	C:\Program Files\MATLAB\R2013a\bin\win64\libmwlapack.dll
0x000000007a1b0000 - 0x000000007a1d0000 	C:\Program Files\MATLAB\R2013a\bin\win64\m_pcodeio.dll
0x0000000079b10000 - 0x0000000079b6c000 	C:\Program Files\MATLAB\R2013a\bin\win64\m_ir.dll
0x0000000078ed0000 - 0x0000000079579000 	C:\Program Files\MATLAB\R2013a\bin\win64\m_parser.dll
0x000000007a2f0000 - 0x000000007a307000 	C:\Program Files\MATLAB\R2013a\bin\win64\ir_xfmr.dll
0x00000000056b0000 - 0x00000000056c0000 	C:\Program Files\MATLAB\R2013a\bin\win64\mtok.dll
0x000000007a130000 - 0x000000007a158000 	C:\Program Files\MATLAB\R2013a\bin\win64\m_pcodegen.dll
0x0000000079fb0000 - 0x0000000079fdf000 	C:\Program Files\MATLAB\R2013a\bin\win64\libmwbridge.dll
0x0000000074f40000 - 0x0000000074ff6000 	C:\Program Files\MATLAB\R2013a\bin\win64\udd.dll
0x00000000056c0000 - 0x000000000580e000 	C:\Program Files\MATLAB\R2013a\bin\win64\libmwgui.dll
0x000000007a1d0000 - 0x000000007a1f4000 	C:\Program Files\MATLAB\R2013a\bin\win64\graphics_util.dll
0x000007fef8fb0000 - 0x000007fef9068000 	C:\Program Files\MATLAB\R2013a\bin\win64\libtex_base.dll
0x0000000005810000 - 0x0000000006153000 	C:\Program Files\MATLAB\R2013a\bin\win64\hg.dll
0x0000000076100000 - 0x000000007615a000 	C:\Program Files\MATLAB\R2013a\bin\win64\libmat.dll
0x0000000006160000 - 0x0000000006368000 	C:\Program Files\MATLAB\R2013a\bin\win64\hdf5dll.dll
0x0000000075710000 - 0x00000000757d8000 	C:\Program Files\MATLAB\R2013a\bin\win64\jmi.dll
0x0000000006380000 - 0x000000000638e000 	C:\Program Files\MATLAB\R2013a\bin\win64\nativejava_services.dll
0x0000000006390000 - 0x00000000063d0000 	C:\Program Files\MATLAB\R2013a\bin\win64\libmwhardcopy.dll
0x0000000075c70000 - 0x0000000075cce000 	C:\Program Files\MATLAB\R2013a\bin\win64\libuij.dll
0x0000000072f50000 - 0x000000007318f000 	C:\Program Files\MATLAB\R2013a\bin\win64\hgdatatypes.dll
0x00000000063d0000 - 0x00000000064bb000 	C:\Program Files\MATLAB\R2013a\bin\win64\hgutils.dll
0x00000000064c0000 - 0x000000000656e000 	C:\Program Files\MATLAB\R2013a\bin\win64\udd_mi.dll
0x0000000006570000 - 0x00000000065a6000 	C:\Program Files\MATLAB\R2013a\bin\win64\libmwgbtutils.dll
0x00000000065b0000 - 0x00000000065c4000 	C:\Program Files\MATLAB\R2013a\bin\win64\libmwgbt.dll
0x00000000065d0000 - 0x000000000689e000 	C:\Program Files\MATLAB\R2013a\bin\win64\uiw.dll
0x00000000068a0000 - 0x00000000068a9000 	C:\Program Files\MATLAB\R2013a\bin\win64\uinone.dll
0x00000000068b0000 - 0x00000000068d6000 	C:\Program Files\MATLAB\R2013a\bin\win64\libmwnativefiledialogs.dll
0x00000000068e0000 - 0x00000000068ec000 	C:\Program Files\MATLAB\R2013a\bin\win64\libmwplatform_res.dll
0x000007fef82d0000 - 0x000007fef82e8000 	C:\Windows\system32\MPR.dll
0x0000000065fe0000 - 0x000000006653d000 	C:\Program Files\MATLAB\R2013a\bin\win64\mfc100.dll
0x000007fefb2d0000 - 0x000007fefb2d7000 	C:\Windows\system32\MSIMG32.dll
0x000007fef9850000 - 0x000007fef98c1000 	C:\Windows\system32\WINSPOOL.DRV
0x00000000068f0000 - 0x000000000690d000 	C:\Program Files\MATLAB\R2013a\bin\win64\mwoles05.DLL
0x0000000006910000 - 0x000000000697c000 	C:\Program Files\MATLAB\R2013a\bin\win64\comcli.dll
0x000000006c8c0000 - 0x000000006c8eb000 	C:\Program Files\MATLAB\R2013a\bin\win64\ATL100.DLL
0x0000000006980000 - 0x000000000698c000 	C:\Program Files\MATLAB\R2013a\bin\win64\mlautoregister.dll
0x0000000006990000 - 0x0000000006ae6000 	C:\Program Files\MATLAB\R2013a\bin\win64\mvm.dll
0x000007fefe790000 - 0x000007fefe7be000 	C:\Windows\system32\IMM32.DLL
0x000007fefe670000 - 0x000007fefe779000 	C:\Windows\system32\MSCTF.dll
0x000007fefbce0000 - 0x000007fefbd36000 	C:\Windows\system32\UxTheme.dll
0x000007fefb8b0000 - 0x000007fefb8c8000 	C:\Windows\system32\dwmapi.dll
0x0000000073de0000 - 0x0000000073df0000 	C:\Program Files\MATLAB\R2013a\bin\win64\MFC100FRA.DLL
0x0000000009a20000 - 0x0000000009a6e000 	C:\Program Files\MATLAB\R2013a\bin\win64\MVMLocal.dll
0x0000000078870000 - 0x0000000078ecd000 	C:\Program Files\MATLAB\R2013a\sys\java\jre\win64\jre\bin\server\jvm.dll

VM Arguments:
jvm_args: -XX:PermSize=32m -Xms64m -XX:NewRatio=3 -XX:MaxPermSize=128m -Xmx196m -XX:MaxDirectMemorySize=2147400000 -Dsun.java2d.noddraw=true -Dsun.awt.nopixfmt=true -Xshare:off -Xrs -Dsun.awt.disableMixing=true -Djava.library.path=C:\Program Files\MATLAB\R2013a\bin\win64;C:\Program Files\MATLAB\R2013a\sys\jxbrowser\win64\lib vfprintf abort -XX:ParallelGCThreads=6 
java_command: <unknown>
Launcher Type: generic

Environment Variables:
PATH=c:\Program Files (x86)\Intel\iCLS Client\;c:\Program Files\Intel\iCLS Client\;C:\Windows\system32;C:\Windows;C:\Windows\System32\Wbem;C:\Windows\System32\WindowsPowerShell\v1.0\;c:\Program Files (x86)\Common Files\Roxio Shared\DLLShared\;c:\Program Files (x86)\Common Files\Roxio Shared\10.0\DLLShared\;C:\Program Files\Intel\Intel(R) Management Engine Components\DAL;C:\Program Files\Intel\Intel(R) Management Engine Components\IPT;C:\Program Files (x86)\Intel\Intel(R) Management Engine Components\DAL;C:\Program Files (x86)\Intel\Intel(R) Management Engine Components\IPT;C:\Program Files\Microsoft Windows Performance Toolkit\;C:\Program Files\MATLAB\R2013a\runtime\win64;C:\Program Files\MATLAB\R2013a\bin;C:\Program Files\MATLAB\R2011b\runtime\win64;C:\Program Files\MATLAB\R2011b\bin;C:\Program Files (x86)\Phantom
USERNAME=Jean-Christophe
OS=Windows_NT
PROCESSOR_IDENTIFIER=Intel64 Family 6 Model 45 Stepping 7, GenuineIntel



---------------  S Y S T E M  ---------------

OS: Windows 7 Build 7601 Service Pack 1

CPU:total 8 (16 cores per cpu, 2 threads per core) family 6 model 45 stepping 7, cmov, cx8, fxsr, mmx, sse, sse2, sse3, ssse3, sse4.1, sse4.2, ht

Memory: 4k page, physical 16700452k(8180792k free), swap 33399044k(24495812k free)

vm_info: Java HotSpot(TM) 64-Bit Server VM (14.3-b01) for windows-amd64 JRE (1.6.0_17-b04), built on Oct 11 2009 00:46:08 by "java_re" with MS VC++ 8.0

time: Tue Jul 16 13:59:25 2013
elapsed time: 516910 seconds

